<?xml version="1.0" encoding="UTF-8"?>
<!-- Generated by org.testng.reporters.JUnitReportReporter -->
<testsuite hostname="Faheem-Ahmed-Dell" failures="0" tests="2" name="tests.task2.LaunchBrowserTest" time="4.381" errors="0" timestamp="2024-11-06T23:07:13 PKT" skipped="0">
  <testcase classname="tests.task2.LaunchBrowserTest" name="verifyPageTitle" time="0.000"/>
  <testcase classname="tests.task2.LaunchBrowserTest" name="testSum" time="4.381"/>
</testsuite> <!-- tests.task2.LaunchBrowserTest -->
