<?xml version="1.0" encoding="UTF-8"?>
<!-- Generated by org.testng.reporters.JUnitReportReporter -->
<testsuite hostname="Faheem-Ahmed-Dell" failures="0" tests="1" name="lambdatest.Dropdown" time="7.629" errors="0" timestamp="2024-11-04T01:46:20 PKT" skipped="0">
  <testcase classname="lambdatest.Dropdown" name="selectdropdown" time="7.629"/>
</testsuite> <!-- lambdatest.Dropdown -->
