<?xml version="1.0" encoding="UTF-8"?>
<!-- Generated by org.testng.reporters.JUnitReportReporter -->
<testsuite hostname="Faheem-Ahmed-Dell" failures="0" tests="1" name="lambdatest.LaunchbROWSER" time="4.129" errors="0" timestamp="2024-11-03T20:45:23 PKT" skipped="0">
  <testcase classname="lambdatest.LaunchbROWSER" name="mytest" time="4.129"/>
</testsuite> <!-- lambdatest.LaunchbROWSER -->
