<?xml version="1.0" encoding="UTF-8"?>
<!-- Generated by org.testng.reporters.JUnitReportReporter -->
<testsuite hostname="Faheem-Ahmed-Dell" failures="0" tests="2" name="tests.DropdownTest" time="14.650" errors="0" timestamp="2024-11-06T17:46:38 PKT" skipped="0">
  <testcase classname="tests.DropdownTest" name="testSingleDropdown" time="8.624"/>
  <testcase classname="tests.DropdownTest" name="testMultipleDropdown" time="6.026"/>
</testsuite> <!-- tests.DropdownTest -->
