<?xml version="1.0" encoding="UTF-8"?>
<!-- Generated by org.testng.reporters.JUnitReportReporter -->
<testsuite hostname="Faheem-Ahmed-Dell" failures="0" tests="2" name="tests.task2.DropdownTest" time="8.813" errors="0" timestamp="2024-11-06T23:07:13 PKT" skipped="0">
  <testcase classname="tests.task2.DropdownTest" name="testSingleDropdown" time="5.015"/>
  <testcase classname="tests.task2.DropdownTest" name="testMultipleDropdown" time="3.798"/>
</testsuite> <!-- tests.task2.DropdownTest -->
