<?xml version="1.0" encoding="UTF-8"?>
<!-- Generated by org.testng.reporters.JUnitReportReporter -->
<testsuite hostname="Faheem-Ahmed-Dell" failures="0" tests="2" name="tests.LaunchBrowserTest" time="6.695" errors="0" timestamp="2024-11-06T17:46:38 PKT" skipped="0">
  <testcase classname="tests.LaunchBrowserTest" name="verifyPageTitle" time="0.004"/>
  <testcase classname="tests.LaunchBrowserTest" name="testSum" time="6.691"/>
</testsuite> <!-- tests.LaunchBrowserTest -->
